This file contains any messages produced by compilers while
running configure, to aid debugging if configure makes a mistake.

It was created by configure, which was
generated by GNU Autoconf 2.59.  Invocation command line was

  $ ./configure --with-openssl=/lib

## --------- ##
## Platform. ##
## --------- ##

hostname = test
uname -m = i686
uname -r = 2.6.22.17-0.1-default
uname -s = Linux
uname -v = #1 SMP 2008/02/10 20:01:04 UTC

/usr/bin/uname -p = unknown
/bin/uname -X     = unknown

/bin/arch              = i686
/usr/bin/arch -k       = unknown
/usr/convex/getsysinfo = unknown
hostinfo               = unknown
/bin/machine           = unknown
/usr/bin/oslevel       = unknown
/bin/universe          = unknown

PATH: /opt/kde3/bin
PATH: /home/chi/bin
PATH: /usr/local/bin
PATH: /usr/bin
PATH: /sbin
PATH: /usr/sbin
PATH: /bin
PATH: /usr/bin/X11
PATH: /usr/X11R6/bin
PATH: /usr/games
PATH: /usr/lib/jvm/jre/bin
PATH: /usr/lib/mit/bin
PATH: /usr/lib/mit/sbin


## ----------- ##
## Core tests. ##
## ----------- ##

configure:1336: checking for ranlib
configure:1352: found /usr/bin/ranlib
configure:1363: result: ranlib
configure:1375: checking whether make sets $(MAKE)
configure:1395: result: yes
configure:1451: checking for gcc
configure:1467: found /usr/bin/gcc
configure:1477: result: gcc
configure:1721: checking for C compiler version
configure:1724: gcc --version </dev/null >&5
gcc (GCC) 4.2.1 (SUSE Linux)
Copyright (C) 2007 Free Software Foundation, Inc.
This is free software; see the source for copying conditions.  There is NO
warranty; not even for MERCHANTABILITY or FITNESS FOR A PARTICULAR PURPOSE.

configure:1727: $? = 0
configure:1729: gcc -v </dev/null >&5
Using built-in specs.
Target: i586-suse-linux
Configured with: ../configure --enable-threads=posix --prefix=/usr --with-local-prefix=/usr/local --infodir=/usr/share/info --mandir=/usr/share/man --libdir=/usr/lib --libexecdir=/usr/lib --enable-languages=c,c++,objc,fortran,obj-c++,java,ada --enable-checking=release --with-gxx-include-dir=/usr/include/c++/4.2.1 --enable-ssp --disable-libssp --disable-libgcj --with-slibdir=/lib --with-system-zlib --enable-shared --enable-__cxa_atexit --enable-libstdcxx-allocator=new --disable-libstdcxx-pch --program-suffix=-4.2 --enable-version-specific-runtime-libs --without-system-libunwind --with-cpu=generic --host=i586-suse-linux
Thread model: posix
gcc version 4.2.1 (SUSE Linux)
configure:1732: $? = 0
configure:1734: gcc -V </dev/null >&5
gcc: '-V' option must have argument
configure:1737: $? = 1
configure:1760: checking for C compiler default output file name
configure:1763: gcc    conftest.c  >&5
configure:1766: $? = 0
configure:1812: result: a.out
configure:1817: checking whether the C compiler works
configure:1823: ./a.out
configure:1826: $? = 0
configure:1843: result: yes
configure:1850: checking whether we are cross compiling
configure:1852: result: no
configure:1855: checking for suffix of executables
configure:1857: gcc -o conftest    conftest.c  >&5
configure:1860: $? = 0
configure:1885: result: 
configure:1891: checking for suffix of object files
configure:1912: gcc -c   conftest.c >&5
configure:1915: $? = 0
configure:1937: result: o
configure:1941: checking whether we are using the GNU C compiler
configure:1965: gcc -c   conftest.c >&5
configure:1971: $? = 0
configure:1975: test -z 
			 || test ! -s conftest.err
configure:1978: $? = 0
configure:1981: test -s conftest.o
configure:1984: $? = 0
configure:1997: result: yes
configure:2003: checking whether gcc accepts -g
configure:2024: gcc -c -g  conftest.c >&5
configure:2030: $? = 0
configure:2034: test -z 
			 || test ! -s conftest.err
configure:2037: $? = 0
configure:2040: test -s conftest.o
configure:2043: $? = 0
configure:2054: result: yes
configure:2071: checking for gcc option to accept ANSI C
configure:2141: gcc  -c -g -O2  conftest.c >&5
configure:2147: $? = 0
configure:2151: test -z 
			 || test ! -s conftest.err
configure:2154: $? = 0
configure:2157: test -s conftest.o
configure:2160: $? = 0
configure:2178: result: none needed
configure:2196: gcc -c -g -O2  conftest.c >&5
conftest.c:2: error: expected '=', ',', ';', 'asm' or '__attribute__' before 'me'
configure:2202: $? = 1
configure: failed program was:
| #ifndef __cplusplus
|   choke me
| #endif
configure:2343: checking how to run the C preprocessor
configure:2378: gcc -E  conftest.c
configure:2384: $? = 0
configure:2416: gcc -E  conftest.c
conftest.c:9:28: error: ac_nonexistent.h: No such file or directory
configure:2422: $? = 1
configure: failed program was:
| /* confdefs.h.  */
| 
| #define PACKAGE_NAME ""
| #define PACKAGE_TARNAME ""
| #define PACKAGE_VERSION ""
| #define PACKAGE_STRING ""
| #define PACKAGE_BUGREPORT ""
| /* end confdefs.h.  */
| #include <ac_nonexistent.h>
configure:2461: result: gcc -E
configure:2485: gcc -E  conftest.c
configure:2491: $? = 0
configure:2523: gcc -E  conftest.c
conftest.c:9:28: error: ac_nonexistent.h: No such file or directory
configure:2529: $? = 1
configure: failed program was:
| /* confdefs.h.  */
| 
| #define PACKAGE_NAME ""
| #define PACKAGE_TARNAME ""
| #define PACKAGE_VERSION ""
| #define PACKAGE_STRING ""
| #define PACKAGE_BUGREPORT ""
| /* end confdefs.h.  */
| #include <ac_nonexistent.h>
configure:2573: checking for egrep
configure:2583: result: grep -E
configure:2588: checking for ANSI C header files
configure:2613: gcc -c -g -O2 -Wall  conftest.c >&5
configure:2619: $? = 0
configure:2623: test -z 
			 || test ! -s conftest.err
configure:2626: $? = 0
configure:2629: test -s conftest.o
configure:2632: $? = 0
configure:2721: gcc -o conftest -g -O2 -Wall   conftest.c  >&5
conftest.c: In function 'main':
conftest.c:26: warning: implicit declaration of function 'exit'
conftest.c:26: warning: incompatible implicit declaration of built-in function 'exit'
configure:2724: $? = 0
configure:2726: ./conftest
configure:2729: $? = 0
configure:2744: result: yes
configure:2768: checking for sys/types.h
configure:2784: gcc -c -g -O2 -Wall  conftest.c >&5
configure:2790: $? = 0
configure:2794: test -z 
			 || test ! -s conftest.err
configure:2797: $? = 0
configure:2800: test -s conftest.o
configure:2803: $? = 0
configure:2814: result: yes
configure:2768: checking for sys/stat.h
configure:2784: gcc -c -g -O2 -Wall  conftest.c >&5
configure:2790: $? = 0
configure:2794: test -z 
			 || test ! -s conftest.err
configure:2797: $? = 0
configure:2800: test -s conftest.o
configure:2803: $? = 0
configure:2814: result: yes
configure:2768: checking for stdlib.h
configure:2784: gcc -c -g -O2 -Wall  conftest.c >&5
configure:2790: $? = 0
configure:2794: test -z 
			 || test ! -s conftest.err
configure:2797: $? = 0
configure:2800: test -s conftest.o
configure:2803: $? = 0
configure:2814: result: yes
configure:2768: checking for string.h
configure:2784: gcc -c -g -O2 -Wall  conftest.c >&5
configure:2790: $? = 0
configure:2794: test -z 
			 || test ! -s conftest.err
configure:2797: $? = 0
configure:2800: test -s conftest.o
configure:2803: $? = 0
configure:2814: result: yes
configure:2768: checking for memory.h
configure:2784: gcc -c -g -O2 -Wall  conftest.c >&5
configure:2790: $? = 0
configure:2794: test -z 
			 || test ! -s conftest.err
configure:2797: $? = 0
configure:2800: test -s conftest.o
configure:2803: $? = 0
configure:2814: result: yes
configure:2768: checking for strings.h
configure:2784: gcc -c -g -O2 -Wall  conftest.c >&5
configure:2790: $? = 0
configure:2794: test -z 
			 || test ! -s conftest.err
configure:2797: $? = 0
configure:2800: test -s conftest.o
configure:2803: $? = 0
configure:2814: result: yes
configure:2768: checking for inttypes.h
configure:2784: gcc -c -g -O2 -Wall  conftest.c >&5
configure:2790: $? = 0
configure:2794: test -z 
			 || test ! -s conftest.err
configure:2797: $? = 0
configure:2800: test -s conftest.o
configure:2803: $? = 0
configure:2814: result: yes
configure:2768: checking for stdint.h
configure:2784: gcc -c -g -O2 -Wall  conftest.c >&5
configure:2790: $? = 0
configure:2794: test -z 
			 || test ! -s conftest.err
configure:2797: $? = 0
configure:2800: test -s conftest.o
configure:2803: $? = 0
configure:2814: result: yes
configure:2768: checking for unistd.h
configure:2784: gcc -c -g -O2 -Wall  conftest.c >&5
configure:2790: $? = 0
configure:2794: test -z 
			 || test ! -s conftest.err
configure:2797: $? = 0
configure:2800: test -s conftest.o
configure:2803: $? = 0
configure:2814: result: yes
configure:2836: checking for string.h
configure:2841: result: yes
configure:2836: checking for strings.h
configure:2841: result: yes
configure:2836: checking for memory.h
configure:2841: result: yes
configure:2845: checking malloc.h usability
configure:2857: gcc -c -g -O2 -Wall  conftest.c >&5
configure:2863: $? = 0
configure:2867: test -z 
			 || test ! -s conftest.err
configure:2870: $? = 0
configure:2873: test -s conftest.o
configure:2876: $? = 0
configure:2886: result: yes
configure:2890: checking malloc.h presence
configure:2900: gcc -E  conftest.c
configure:2906: $? = 0
configure:2926: result: yes
configure:2961: checking for malloc.h
configure:2968: result: yes
configure:2836: checking for unistd.h
configure:2841: result: yes
configure:2845: checking ctype.h usability
configure:2857: gcc -c -g -O2 -Wall  conftest.c >&5
configure:2863: $? = 0
configure:2867: test -z 
			 || test ! -s conftest.err
configure:2870: $? = 0
configure:2873: test -s conftest.o
configure:2876: $? = 0
configure:2886: result: yes
configure:2890: checking ctype.h presence
configure:2900: gcc -E  conftest.c
configure:2906: $? = 0
configure:2926: result: yes
configure:2961: checking for ctype.h
configure:2968: result: yes
configure:3000: checking limits usability
configure:3012: gcc -c -g -O2 -Wall  conftest.c >&5
conftest.c:59:18: error: limits: No such file or directory
configure:3018: $? = 1
configure: failed program was:
| /* confdefs.h.  */
| 
| #define PACKAGE_NAME ""
| #define PACKAGE_TARNAME ""
| #define PACKAGE_VERSION ""
| #define PACKAGE_STRING ""
| #define PACKAGE_BUGREPORT ""
| #define STDC_HEADERS 1
| #define HAVE_SYS_TYPES_H 1
| #define HAVE_SYS_STAT_H 1
| #define HAVE_STDLIB_H 1
| #define HAVE_STRING_H 1
| #define HAVE_MEMORY_H 1
| #define HAVE_STRINGS_H 1
| #define HAVE_INTTYPES_H 1
| #define HAVE_STDINT_H 1
| #define HAVE_UNISTD_H 1
| #define HAVE_STRING_H 1
| #define HAVE_STRINGS_H 1
| #define HAVE_MEMORY_H 1
| #define HAVE_MALLOC_H 1
| #define HAVE_UNISTD_H 1
| #define HAVE_CTYPE_H 1
| /* end confdefs.h.  */
| #include <stdio.h>
| #if HAVE_SYS_TYPES_H
| # include <sys/types.h>
| #endif
| #if HAVE_SYS_STAT_H
| # include <sys/stat.h>
| #endif
| #if STDC_HEADERS
| # include <stdlib.h>
| # include <stddef.h>
| #else
| # if HAVE_STDLIB_H
| #  include <stdlib.h>
| # endif
| #endif
| #if HAVE_STRING_H
| # if !STDC_HEADERS && HAVE_MEMORY_H
| #  include <memory.h>
| # endif
| # include <string.h>
| #endif
| #if HAVE_STRINGS_H
| # include <strings.h>
| #endif
| #if HAVE_INTTYPES_H
| # include <inttypes.h>
| #else
| # if HAVE_STDINT_H
| #  include <stdint.h>
| # endif
| #endif
| #if HAVE_UNISTD_H
| # include <unistd.h>
| #endif
| #include <limits>
configure:3041: result: no
configure:3045: checking limits presence
configure:3055: gcc -E  conftest.c
conftest.c:25:18: error: limits: No such file or directory
configure:3061: $? = 1
configure: failed program was:
| /* confdefs.h.  */
| 
| #define PACKAGE_NAME ""
| #define PACKAGE_TARNAME ""
| #define PACKAGE_VERSION ""
| #define PACKAGE_STRING ""
| #define PACKAGE_BUGREPORT ""
| #define STDC_HEADERS 1
| #define HAVE_SYS_TYPES_H 1
| #define HAVE_SYS_STAT_H 1
| #define HAVE_STDLIB_H 1
| #define HAVE_STRING_H 1
| #define HAVE_MEMORY_H 1
| #define HAVE_STRINGS_H 1
| #define HAVE_INTTYPES_H 1
| #define HAVE_STDINT_H 1
| #define HAVE_UNISTD_H 1
| #define HAVE_STRING_H 1
| #define HAVE_STRINGS_H 1
| #define HAVE_MEMORY_H 1
| #define HAVE_MALLOC_H 1
| #define HAVE_UNISTD_H 1
| #define HAVE_CTYPE_H 1
| /* end confdefs.h.  */
| #include <limits>
configure:3081: result: no
configure:3116: checking for limits
configure:3123: result: no
configure:2991: checking for stdint.h
configure:2996: result: yes
configure:2991: checking for sys/types.h
configure:2996: result: yes
configure:2991: checking for stdlib.h
configure:2996: result: yes
configure:3000: checking fcntl.h usability
configure:3012: gcc -c -g -O2 -Wall  conftest.c >&5
configure:3018: $? = 0
configure:3022: test -z 
			 || test ! -s conftest.err
configure:3025: $? = 0
configure:3028: test -s conftest.o
configure:3031: $? = 0
configure:3041: result: yes
configure:3045: checking fcntl.h presence
configure:3055: gcc -E  conftest.c
configure:3061: $? = 0
configure:3081: result: yes
configure:3116: checking for fcntl.h
configure:3123: result: yes
configure:3000: checking sys/file.h usability
configure:3012: gcc -c -g -O2 -Wall  conftest.c >&5
configure:3018: $? = 0
configure:3022: test -z 
			 || test ! -s conftest.err
configure:3025: $? = 0
configure:3028: test -s conftest.o
configure:3031: $? = 0
configure:3041: result: yes
configure:3045: checking sys/file.h presence
configure:3055: gcc -E  conftest.c
configure:3061: $? = 0
configure:3081: result: yes
configure:3116: checking for sys/file.h
configure:3123: result: yes
configure:3143: checking for flock
configure:3200: gcc -o conftest -g -O2 -Wall   conftest.c  >&5
configure:3206: $? = 0
configure:3210: test -z 
			 || test ! -s conftest.err
configure:3213: $? = 0
configure:3216: test -s conftest
configure:3219: $? = 0
configure:3231: result: yes
configure:3352: checking for socket
configure:3409: gcc -o conftest -g -O2 -Wall   conftest.c  >&5
configure:3415: $? = 0
configure:3419: test -z 
			 || test ! -s conftest.err
configure:3422: $? = 0
configure:3425: test -s conftest
configure:3428: $? = 0
configure:3440: result: yes
configure:3777: checking for htonl
configure:3834: gcc -o conftest -g -O2 -Wall   conftest.c  >&5
configure:3840: $? = 0
configure:3844: test -z 
			 || test ! -s conftest.err
configure:3847: $? = 0
configure:3850: test -s conftest
configure:3853: $? = 0
configure:3865: result: yes
configure:4202: checking for gethostname
configure:4259: gcc -o conftest -g -O2 -Wall   conftest.c  >&5
configure:4265: $? = 0
configure:4269: test -z 
			 || test ! -s conftest.err
configure:4272: $? = 0
configure:4275: test -s conftest
configure:4278: $? = 0
configure:4290: result: yes
configure:4627: checking for gethostbyaddr
configure:4684: gcc -o conftest -g -O2 -Wall   conftest.c  >&5
configure:4690: $? = 0
configure:4694: test -z 
			 || test ! -s conftest.err
configure:4697: $? = 0
configure:4700: test -s conftest
configure:4703: $? = 0
configure:4715: result: yes
configure:5052: checking for yp_get_default_domain
configure:5109: gcc -o conftest -g -O2 -Wall   conftest.c  >&5
/tmp/ccAvredr.o: In function `main':
/home/chi/Software/projekt/code/apps/mailsend1.15b5/conftest.c:74: undefined reference to `yp_get_default_domain'
/tmp/ccAvredr.o:(.data+0x0): undefined reference to `yp_get_default_domain'
collect2: ld returned 1 exit status
configure:5115: $? = 1
configure: failed program was:
| /* confdefs.h.  */
| 
| #define PACKAGE_NAME ""
| #define PACKAGE_TARNAME ""
| #define PACKAGE_VERSION ""
| #define PACKAGE_STRING ""
| #define PACKAGE_BUGREPORT ""
| #define STDC_HEADERS 1
| #define HAVE_SYS_TYPES_H 1
| #define HAVE_SYS_STAT_H 1
| #define HAVE_STDLIB_H 1
| #define HAVE_STRING_H 1
| #define HAVE_MEMORY_H 1
| #define HAVE_STRINGS_H 1
| #define HAVE_INTTYPES_H 1
| #define HAVE_STDINT_H 1
| #define HAVE_UNISTD_H 1
| #define HAVE_STRING_H 1
| #define HAVE_STRINGS_H 1
| #define HAVE_MEMORY_H 1
| #define HAVE_MALLOC_H 1
| #define HAVE_UNISTD_H 1
| #define HAVE_CTYPE_H 1
| #define HAVE_STDINT_H 1
| #define HAVE_SYS_TYPES_H 1
| #define HAVE_STDLIB_H 1
| #define HAVE_FCNTL_H 1
| #define HAVE_SYS_FILE_H 1
| #define HAVE_FLOCK 1
| #define HAVE_SOCKET 1
| #define HAVE_HTONL 1
| #define HAVE_GETHOSTNAME 1
| #define HAVE_GETHOSTBYADDR 1
| /* end confdefs.h.  */
| /* Define yp_get_default_domain to an innocuous variant, in case <limits.h> declares yp_get_default_domain.
|    For example, HP-UX 11i <limits.h> declares gettimeofday.  */
| #define yp_get_default_domain innocuous_yp_get_default_domain
| 
| /* System header to define __stub macros and hopefully few prototypes,
|     which can conflict with char yp_get_default_domain (); below.
|     Prefer <limits.h> to <assert.h> if __STDC__ is defined, since
|     <limits.h> exists even on freestanding compilers.  */
| 
| #ifdef __STDC__
| # include <limits.h>
| #else
| # include <assert.h>
| #endif
| 
| #undef yp_get_default_domain
| 
| /* Override any gcc2 internal prototype to avoid an error.  */
| #ifdef __cplusplus
| extern "C"
| {
| #endif
| /* We use char because int might match the return type of a gcc2
|    builtin and then its argument prototype would still apply.  */
| char yp_get_default_domain ();
| /* The GNU C library defines this for functions which it implements
|     to always fail with ENOSYS.  Some functions are actually named
|     something starting with __ and the normal name is an alias.  */
| #if defined (__stub_yp_get_default_domain) || defined (__stub___yp_get_default_domain)
| choke me
| #else
| char (*f) () = yp_get_default_domain;
| #endif
| #ifdef __cplusplus
| }
| #endif
| 
| int
| main ()
| {
| return f != yp_get_default_domain;
|   ;
|   return 0;
| }
configure:5140: result: no
configure:5145: checking for __yp_get_default_domain
configure:5202: gcc -o conftest -g -O2 -Wall   conftest.c  >&5
/tmp/cc2uH5eC.o: In function `main':
/home/chi/Software/projekt/code/apps/mailsend1.15b5/conftest.c:74: undefined reference to `__yp_get_default_domain'
/tmp/cc2uH5eC.o:(.data+0x0): undefined reference to `__yp_get_default_domain'
collect2: ld returned 1 exit status
configure:5208: $? = 1
configure: failed program was:
| /* confdefs.h.  */
| 
| #define PACKAGE_NAME ""
| #define PACKAGE_TARNAME ""
| #define PACKAGE_VERSION ""
| #define PACKAGE_STRING ""
| #define PACKAGE_BUGREPORT ""
| #define STDC_HEADERS 1
| #define HAVE_SYS_TYPES_H 1
| #define HAVE_SYS_STAT_H 1
| #define HAVE_STDLIB_H 1
| #define HAVE_STRING_H 1
| #define HAVE_MEMORY_H 1
| #define HAVE_STRINGS_H 1
| #define HAVE_INTTYPES_H 1
| #define HAVE_STDINT_H 1
| #define HAVE_UNISTD_H 1
| #define HAVE_STRING_H 1
| #define HAVE_STRINGS_H 1
| #define HAVE_MEMORY_H 1
| #define HAVE_MALLOC_H 1
| #define HAVE_UNISTD_H 1
| #define HAVE_CTYPE_H 1
| #define HAVE_STDINT_H 1
| #define HAVE_SYS_TYPES_H 1
| #define HAVE_STDLIB_H 1
| #define HAVE_FCNTL_H 1
| #define HAVE_SYS_FILE_H 1
| #define HAVE_FLOCK 1
| #define HAVE_SOCKET 1
| #define HAVE_HTONL 1
| #define HAVE_GETHOSTNAME 1
| #define HAVE_GETHOSTBYADDR 1
| /* end confdefs.h.  */
| /* Define __yp_get_default_domain to an innocuous variant, in case <limits.h> declares __yp_get_default_domain.
|    For example, HP-UX 11i <limits.h> declares gettimeofday.  */
| #define __yp_get_default_domain innocuous___yp_get_default_domain
| 
| /* System header to define __stub macros and hopefully few prototypes,
|     which can conflict with char __yp_get_default_domain (); below.
|     Prefer <limits.h> to <assert.h> if __STDC__ is defined, since
|     <limits.h> exists even on freestanding compilers.  */
| 
| #ifdef __STDC__
| # include <limits.h>
| #else
| # include <assert.h>
| #endif
| 
| #undef __yp_get_default_domain
| 
| /* Override any gcc2 internal prototype to avoid an error.  */
| #ifdef __cplusplus
| extern "C"
| {
| #endif
| /* We use char because int might match the return type of a gcc2
|    builtin and then its argument prototype would still apply.  */
| char __yp_get_default_domain ();
| /* The GNU C library defines this for functions which it implements
|     to always fail with ENOSYS.  Some functions are actually named
|     something starting with __ and the normal name is an alias.  */
| #if defined (__stub___yp_get_default_domain) || defined (__stub_____yp_get_default_domain)
| choke me
| #else
| char (*f) () = __yp_get_default_domain;
| #endif
| #ifdef __cplusplus
| }
| #endif
| 
| int
| main ()
| {
| return f != __yp_get_default_domain;
|   ;
|   return 0;
| }
configure:5233: result: no
configure:5259: checking for yp_get_default_domain in -lnsl
configure:5289: gcc -o conftest -g -O2 -Wall   conftest.c -lnsl   >&5
configure:5295: $? = 0
configure:5299: test -z 
			 || test ! -s conftest.err
configure:5302: $? = 0
configure:5305: test -s conftest
configure:5308: $? = 0
configure:5321: result: yes
configure:5416: gcc -o conftest -g -O2 -Wall   conftest.c  -lnsl >&5
conftest.c:35: warning: return type defaults to 'int'
configure:5419: $? = 0
configure:5421: ./conftest
configure:5424: $? = 0
configure:5478: checking for res_search
configure:5535: gcc -o conftest -g -O2 -Wall   conftest.c -lnsl  >&5
/tmp/ccUy8Kn9.o: In function `main':
/home/chi/Software/projekt/code/apps/mailsend1.15b5/conftest.c:76: undefined reference to `res_search'
/tmp/ccUy8Kn9.o:(.data+0x0): undefined reference to `res_search'
collect2: ld returned 1 exit status
configure:5541: $? = 1
configure: failed program was:
| /* confdefs.h.  */
| 
| #define PACKAGE_NAME ""
| #define PACKAGE_TARNAME ""
| #define PACKAGE_VERSION ""
| #define PACKAGE_STRING ""
| #define PACKAGE_BUGREPORT ""
| #define STDC_HEADERS 1
| #define HAVE_SYS_TYPES_H 1
| #define HAVE_SYS_STAT_H 1
| #define HAVE_STDLIB_H 1
| #define HAVE_STRING_H 1
| #define HAVE_MEMORY_H 1
| #define HAVE_STRINGS_H 1
| #define HAVE_INTTYPES_H 1
| #define HAVE_STDINT_H 1
| #define HAVE_UNISTD_H 1
| #define HAVE_STRING_H 1
| #define HAVE_STRINGS_H 1
| #define HAVE_MEMORY_H 1
| #define HAVE_MALLOC_H 1
| #define HAVE_UNISTD_H 1
| #define HAVE_CTYPE_H 1
| #define HAVE_STDINT_H 1
| #define HAVE_SYS_TYPES_H 1
| #define HAVE_STDLIB_H 1
| #define HAVE_FCNTL_H 1
| #define HAVE_SYS_FILE_H 1
| #define HAVE_FLOCK 1
| #define HAVE_SOCKET 1
| #define HAVE_HTONL 1
| #define HAVE_GETHOSTNAME 1
| #define HAVE_GETHOSTBYADDR 1
| #define HAVE_YP_GET_DEFAULT_DOMAIN 1
| #define HAVE_LIBNSL 1
| /* end confdefs.h.  */
| /* Define res_search to an innocuous variant, in case <limits.h> declares res_search.
|    For example, HP-UX 11i <limits.h> declares gettimeofday.  */
| #define res_search innocuous_res_search
| 
| /* System header to define __stub macros and hopefully few prototypes,
|     which can conflict with char res_search (); below.
|     Prefer <limits.h> to <assert.h> if __STDC__ is defined, since
|     <limits.h> exists even on freestanding compilers.  */
| 
| #ifdef __STDC__
| # include <limits.h>
| #else
| # include <assert.h>
| #endif
| 
| #undef res_search
| 
| /* Override any gcc2 internal prototype to avoid an error.  */
| #ifdef __cplusplus
| extern "C"
| {
| #endif
| /* We use char because int might match the return type of a gcc2
|    builtin and then its argument prototype would still apply.  */
| char res_search ();
| /* The GNU C library defines this for functions which it implements
|     to always fail with ENOSYS.  Some functions are actually named
|     something starting with __ and the normal name is an alias.  */
| #if defined (__stub_res_search) || defined (__stub___res_search)
| choke me
| #else
| char (*f) () = res_search;
| #endif
| #ifdef __cplusplus
| }
| #endif
| 
| int
| main ()
| {
| return f != res_search;
|   ;
|   return 0;
| }
configure:5566: result: no
configure:5571: checking for __res_search
configure:5628: gcc -o conftest -g -O2 -Wall   conftest.c -lnsl  >&5
/tmp/ccGg2Glk.o: In function `main':
/home/chi/Software/projekt/code/apps/mailsend1.15b5/conftest.c:76: undefined reference to `__res_search'
/tmp/ccGg2Glk.o:(.data+0x0): undefined reference to `__res_search'
collect2: ld returned 1 exit status
configure:5634: $? = 1
configure: failed program was:
| /* confdefs.h.  */
| 
| #define PACKAGE_NAME ""
| #define PACKAGE_TARNAME ""
| #define PACKAGE_VERSION ""
| #define PACKAGE_STRING ""
| #define PACKAGE_BUGREPORT ""
| #define STDC_HEADERS 1
| #define HAVE_SYS_TYPES_H 1
| #define HAVE_SYS_STAT_H 1
| #define HAVE_STDLIB_H 1
| #define HAVE_STRING_H 1
| #define HAVE_MEMORY_H 1
| #define HAVE_STRINGS_H 1
| #define HAVE_INTTYPES_H 1
| #define HAVE_STDINT_H 1
| #define HAVE_UNISTD_H 1
| #define HAVE_STRING_H 1
| #define HAVE_STRINGS_H 1
| #define HAVE_MEMORY_H 1
| #define HAVE_MALLOC_H 1
| #define HAVE_UNISTD_H 1
| #define HAVE_CTYPE_H 1
| #define HAVE_STDINT_H 1
| #define HAVE_SYS_TYPES_H 1
| #define HAVE_STDLIB_H 1
| #define HAVE_FCNTL_H 1
| #define HAVE_SYS_FILE_H 1
| #define HAVE_FLOCK 1
| #define HAVE_SOCKET 1
| #define HAVE_HTONL 1
| #define HAVE_GETHOSTNAME 1
| #define HAVE_GETHOSTBYADDR 1
| #define HAVE_YP_GET_DEFAULT_DOMAIN 1
| #define HAVE_LIBNSL 1
| /* end confdefs.h.  */
| /* Define __res_search to an innocuous variant, in case <limits.h> declares __res_search.
|    For example, HP-UX 11i <limits.h> declares gettimeofday.  */
| #define __res_search innocuous___res_search
| 
| /* System header to define __stub macros and hopefully few prototypes,
|     which can conflict with char __res_search (); below.
|     Prefer <limits.h> to <assert.h> if __STDC__ is defined, since
|     <limits.h> exists even on freestanding compilers.  */
| 
| #ifdef __STDC__
| # include <limits.h>
| #else
| # include <assert.h>
| #endif
| 
| #undef __res_search
| 
| /* Override any gcc2 internal prototype to avoid an error.  */
| #ifdef __cplusplus
| extern "C"
| {
| #endif
| /* We use char because int might match the return type of a gcc2
|    builtin and then its argument prototype would still apply.  */
| char __res_search ();
| /* The GNU C library defines this for functions which it implements
|     to always fail with ENOSYS.  Some functions are actually named
|     something starting with __ and the normal name is an alias.  */
| #if defined (__stub___res_search) || defined (__stub_____res_search)
| choke me
| #else
| char (*f) () = __res_search;
| #endif
| #ifdef __cplusplus
| }
| #endif
| 
| int
| main ()
| {
| return f != __res_search;
|   ;
|   return 0;
| }
configure:5659: result: no
configure:5685: checking for res_search in -lresolv
configure:5715: gcc -o conftest -g -O2 -Wall   conftest.c -lresolv  -lnsl  >&5
configure:5721: $? = 0
configure:5725: test -z 
			 || test ! -s conftest.err
configure:5728: $? = 0
configure:5731: test -s conftest
configure:5734: $? = 0
configure:5747: result: yes
configure:5842: gcc -o conftest -g -O2 -Wall   conftest.c -lnsl  -lresolv >&5
conftest.c:37: warning: return type defaults to 'int'
configure:5845: $? = 0
configure:5847: ./conftest
configure:5850: $? = 0
configure:6328: checking for inet_aton
configure:6385: gcc -o conftest -g -O2 -Wall   conftest.c -lresolv -lnsl  >&5
configure:6391: $? = 0
configure:6395: test -z 
			 || test ! -s conftest.err
configure:6398: $? = 0
configure:6401: test -s conftest
configure:6404: $? = 0
configure:6416: result: yes
configure:6965: checking for dn_skipname
configure:7022: gcc -o conftest -g -O2 -Wall   conftest.c -lresolv -lnsl  >&5
/tmp/ccIYfWv9.o: In function `main':
/home/chi/Software/projekt/code/apps/mailsend1.15b5/conftest.c:79: undefined reference to `dn_skipname'
/tmp/ccIYfWv9.o:(.data+0x0): undefined reference to `dn_skipname'
collect2: ld returned 1 exit status
configure:7028: $? = 1
configure: failed program was:
| /* confdefs.h.  */
| 
| #define PACKAGE_NAME ""
| #define PACKAGE_TARNAME ""
| #define PACKAGE_VERSION ""
| #define PACKAGE_STRING ""
| #define PACKAGE_BUGREPORT ""
| #define STDC_HEADERS 1
| #define HAVE_SYS_TYPES_H 1
| #define HAVE_SYS_STAT_H 1
| #define HAVE_STDLIB_H 1
| #define HAVE_STRING_H 1
| #define HAVE_MEMORY_H 1
| #define HAVE_STRINGS_H 1
| #define HAVE_INTTYPES_H 1
| #define HAVE_STDINT_H 1
| #define HAVE_UNISTD_H 1
| #define HAVE_STRING_H 1
| #define HAVE_STRINGS_H 1
| #define HAVE_MEMORY_H 1
| #define HAVE_MALLOC_H 1
| #define HAVE_UNISTD_H 1
| #define HAVE_CTYPE_H 1
| #define HAVE_STDINT_H 1
| #define HAVE_SYS_TYPES_H 1
| #define HAVE_STDLIB_H 1
| #define HAVE_FCNTL_H 1
| #define HAVE_SYS_FILE_H 1
| #define HAVE_FLOCK 1
| #define HAVE_SOCKET 1
| #define HAVE_HTONL 1
| #define HAVE_GETHOSTNAME 1
| #define HAVE_GETHOSTBYADDR 1
| #define HAVE_YP_GET_DEFAULT_DOMAIN 1
| #define HAVE_LIBNSL 1
| #define HAVE_RES_SEARCH 1
| #define HAVE_LIBRESOLV 1
| #define HAVE_INET_ATON 1
| /* end confdefs.h.  */
| /* Define dn_skipname to an innocuous variant, in case <limits.h> declares dn_skipname.
|    For example, HP-UX 11i <limits.h> declares gettimeofday.  */
| #define dn_skipname innocuous_dn_skipname
| 
| /* System header to define __stub macros and hopefully few prototypes,
|     which can conflict with char dn_skipname (); below.
|     Prefer <limits.h> to <assert.h> if __STDC__ is defined, since
|     <limits.h> exists even on freestanding compilers.  */
| 
| #ifdef __STDC__
| # include <limits.h>
| #else
| # include <assert.h>
| #endif
| 
| #undef dn_skipname
| 
| /* Override any gcc2 internal prototype to avoid an error.  */
| #ifdef __cplusplus
| extern "C"
| {
| #endif
| /* We use char because int might match the return type of a gcc2
|    builtin and then its argument prototype would still apply.  */
| char dn_skipname ();
| /* The GNU C library defines this for functions which it implements
|     to always fail with ENOSYS.  Some functions are actually named
|     something starting with __ and the normal name is an alias.  */
| #if defined (__stub_dn_skipname) || defined (__stub___dn_skipname)
| choke me
| #else
| char (*f) () = dn_skipname;
| #endif
| #ifdef __cplusplus
| }
| #endif
| 
| int
| main ()
| {
| return f != dn_skipname;
|   ;
|   return 0;
| }
configure:7053: result: no
configure:7058: checking for __dn_skipname
configure:7115: gcc -o conftest -g -O2 -Wall   conftest.c -lresolv -lnsl  >&5
configure:7121: $? = 0
configure:7125: test -z 
			 || test ! -s conftest.err
configure:7128: $? = 0
configure:7131: test -s conftest
configure:7134: $? = 0
configure:7146: result: yes
configure:7602: checking for mkstemp
configure:7659: gcc -o conftest -g -O2 -Wall   conftest.c -lresolv -lnsl  >&5
configure:7665: $? = 0
configure:7669: test -z 
			 || test ! -s conftest.err
configure:7672: $? = 0
configure:7675: test -s conftest
configure:7678: $? = 0
configure:7690: result: yes
configure:7808: checking for OpenSSL
configure:7873: result: no
configure:8116: creating ./config.status

## ---------------------- ##
## Running config.status. ##
## ---------------------- ##

This file was extended by config.status, which was
generated by GNU Autoconf 2.59.  Invocation command line was

  CONFIG_FILES    = 
  CONFIG_HEADERS  = 
  CONFIG_LINKS    = 
  CONFIG_COMMANDS = 
  $ ./config.status 

on test

config.status:643: creating Makefile
config.status:643: creating libs/libmsock/Makefile
config.status:643: creating libs/libmutils/Makefile
config.status:643: creating libs/libsll/Makefile

## ---------------- ##
## Cache variables. ##
## ---------------- ##

ac_cv_c_compiler_gnu=yes
ac_cv_env_CC_set=
ac_cv_env_CC_value=
ac_cv_env_CFLAGS_set=
ac_cv_env_CFLAGS_value=
ac_cv_env_CPPFLAGS_set=
ac_cv_env_CPPFLAGS_value=
ac_cv_env_CPP_set=
ac_cv_env_CPP_value=
ac_cv_env_LDFLAGS_set=
ac_cv_env_LDFLAGS_value=
ac_cv_env_build_alias_set=
ac_cv_env_build_alias_value=
ac_cv_env_host_alias_set=
ac_cv_env_host_alias_value=
ac_cv_env_target_alias_set=
ac_cv_env_target_alias_value=
ac_cv_exeext=
ac_cv_func___dn_skipname=yes
ac_cv_func___res_search=no
ac_cv_func___yp_get_default_domain=no
ac_cv_func_dn_skipname=yes
ac_cv_func_flock=yes
ac_cv_func_gethostbyaddr=yes
ac_cv_func_gethostname=yes
ac_cv_func_htonl=yes
ac_cv_func_inet_aton=yes
ac_cv_func_mkstemp=yes
ac_cv_func_res_search=yes
ac_cv_func_socket=yes
ac_cv_func_yp_get_default_domain=yes
ac_cv_header_ctype_h=yes
ac_cv_header_fcntl_h=yes
ac_cv_header_inttypes_h=yes
ac_cv_header_limits=no
ac_cv_header_malloc_h=yes
ac_cv_header_memory_h=yes
ac_cv_header_stdc=yes
ac_cv_header_stdint_h=yes
ac_cv_header_stdlib_h=yes
ac_cv_header_string_h=yes
ac_cv_header_strings_h=yes
ac_cv_header_sys_file_h=yes
ac_cv_header_sys_stat_h=yes
ac_cv_header_sys_types_h=yes
ac_cv_header_unistd_h=yes
ac_cv_lib_nsl_yp_get_default_domain=yes
ac_cv_lib_resolv_res_search=yes
ac_cv_objext=o
ac_cv_prog_CPP='gcc -E'
ac_cv_prog_ac_ct_CC=gcc
ac_cv_prog_ac_ct_RANLIB=ranlib
ac_cv_prog_cc_g=yes
ac_cv_prog_cc_stdc=
ac_cv_prog_egrep='grep -E'
ac_cv_prog_make_make_set=yes
openssl_cv_dir=/lib/
openssl_cv_includes=/lib//include
openssl_cv_libraries=/lib//lib

## ----------------- ##
## Output variables. ##
## ----------------- ##

CC='gcc'
CFLAGS='-g -O2 -Wall'
CPP='gcc -E'
CPPFLAGS=''
DEFS='-DPACKAGE_NAME=\"\" -DPACKAGE_TARNAME=\"\" -DPACKAGE_VERSION=\"\" -DPACKAGE_STRING=\"\" -DPACKAGE_BUGREPORT=\"\" -DSTDC_HEADERS=1 -DHAVE_SYS_TYPES_H=1 -DHAVE_SYS_STAT_H=1 -DHAVE_STDLIB_H=1 -DHAVE_STRING_H=1 -DHAVE_MEMORY_H=1 -DHAVE_STRINGS_H=1 -DHAVE_INTTYPES_H=1 -DHAVE_STDINT_H=1 -DHAVE_UNISTD_H=1 -DHAVE_STRING_H=1 -DHAVE_STRINGS_H=1 -DHAVE_MEMORY_H=1 -DHAVE_MALLOC_H=1 -DHAVE_UNISTD_H=1 -DHAVE_CTYPE_H=1 -DHAVE_STDINT_H=1 -DHAVE_SYS_TYPES_H=1 -DHAVE_STDLIB_H=1 -DHAVE_FCNTL_H=1 -DHAVE_SYS_FILE_H=1 -DHAVE_FLOCK=1 -DHAVE_SOCKET=1 -DHAVE_HTONL=1 -DHAVE_GETHOSTNAME=1 -DHAVE_GETHOSTBYADDR=1 -DHAVE_YP_GET_DEFAULT_DOMAIN=1 -DHAVE_LIBNSL=1 -DHAVE_RES_SEARCH=1 -DHAVE_LIBRESOLV=1 -DHAVE_INET_ATON=1 -DHAVE_DN_SKIPNAME=1 -DHAVE_MKSTEMP=1 '
DL_LIB=''
ECHO_C=''
ECHO_N='-n'
ECHO_T=''
EGREP='grep -E'
EXEEXT=''
LDFLAGS=''
LIBOBJS=''
LIBS='-lresolv -lnsl '
LTLIBOBJS=''
OBJEXT='o'
OPENSSL_DIR='/lib/'
OPENSSL_INC=''
OPENSSL_LIBS=''
PACKAGE_BUGREPORT=''
PACKAGE_NAME=''
PACKAGE_STRING=''
PACKAGE_TARNAME=''
PACKAGE_VERSION=''
PATH_SEPARATOR=':'
RANLIB='ranlib'
SET_MAKE=''
SHELL='/bin/sh'
ac_ct_CC='gcc'
ac_ct_RANLIB='ranlib'
bindir='${exec_prefix}/bin'
build_alias=''
datadir='${prefix}/share'
exec_prefix='${prefix}'
host_alias=''
includedir='${prefix}/include'
infodir='${prefix}/info'
libdir='${exec_prefix}/lib'
libexecdir='${exec_prefix}/libexec'
localstatedir='${prefix}/var'
mandir='${prefix}/man'
oldincludedir='/usr/include'
prefix='/usr/local'
program_transform_name='s,x,x,'
sbindir='${exec_prefix}/sbin'
sharedstatedir='${prefix}/com'
sysconfdir='${prefix}/etc'
target_alias=''

## ----------- ##
## confdefs.h. ##
## ----------- ##

#define HAVE_CTYPE_H 1
#define HAVE_DN_SKIPNAME 1
#define HAVE_FCNTL_H 1
#define HAVE_FLOCK 1
#define HAVE_GETHOSTBYADDR 1
#define HAVE_GETHOSTNAME 1
#define HAVE_HTONL 1
#define HAVE_INET_ATON 1
#define HAVE_INTTYPES_H 1
#define HAVE_LIBNSL 1
#define HAVE_LIBRESOLV 1
#define HAVE_MALLOC_H 1
#define HAVE_MEMORY_H 1
#define HAVE_MEMORY_H 1
#define HAVE_MKSTEMP 1
#define HAVE_RES_SEARCH 1
#define HAVE_SOCKET 1
#define HAVE_STDINT_H 1
#define HAVE_STDINT_H 1
#define HAVE_STDLIB_H 1
#define HAVE_STDLIB_H 1
#define HAVE_STRINGS_H 1
#define HAVE_STRINGS_H 1
#define HAVE_STRING_H 1
#define HAVE_STRING_H 1
#define HAVE_SYS_FILE_H 1
#define HAVE_SYS_STAT_H 1
#define HAVE_SYS_TYPES_H 1
#define HAVE_SYS_TYPES_H 1
#define HAVE_UNISTD_H 1
#define HAVE_UNISTD_H 1
#define HAVE_YP_GET_DEFAULT_DOMAIN 1
#define PACKAGE_BUGREPORT ""
#define PACKAGE_NAME ""
#define PACKAGE_STRING ""
#define PACKAGE_TARNAME ""
#define PACKAGE_VERSION ""
#define STDC_HEADERS 1

configure: exit 0
