This file contains any messages produced by compilers while
running configure, to aid debugging if configure makes a mistake.

configure:524: checking whether make sets ${MAKE}
configure:554: checking for gcc
configure:631: checking whether the C compiler (gcc  ) works
configure:645: gcc -o conftest    conftest.c  1>&5
configure:665: checking whether the C compiler (gcc  ) is a cross-compiler
configure:670: checking whether we are using GNU C
configure:679: gcc -E conftest.c
configure:694: checking whether gcc accepts -g
configure:724: checking for ranlib
configure:797: checking host system type
configure:818: checking target system type
configure:836: checking build system type
configure:865: checking host system type
configure:890: checking how to run the C preprocessor
configure:911: gcc -E  conftest.c >/dev/null 2>conftest.out
configure:951: checking for ANSI C header files
configure:964: gcc -E  conftest.c >/dev/null 2>conftest.out
configure:1031: gcc -o conftest -g -O2 -Wall   conftest.c  1>&5
configure: In function 'main':
configure:1026: warning: implicit declaration of function 'exit'
configure:1026: warning: incompatible implicit declaration of built-in function 'exit'
configure:1055: checking for sys/wait.h that is POSIX.1 compatible
configure:1076: gcc -c -g -O2 -Wall  conftest.c 1>&5
configure:1097: checking whether time.h and sys/time.h may both be included
configure:1111: gcc -c -g -O2 -Wall  conftest.c 1>&5
configure: In function 'main':
configure:1107: warning: unused variable 'tp'
configure:1135: checking for string.h
configure:1145: gcc -E  conftest.c >/dev/null 2>conftest.out
configure:1135: checking for fcntl.h
configure:1145: gcc -E  conftest.c >/dev/null 2>conftest.out
configure:1135: checking for memory.h
configure:1145: gcc -E  conftest.c >/dev/null 2>conftest.out
configure:1135: checking for malloc.h
configure:1145: gcc -E  conftest.c >/dev/null 2>conftest.out
configure:1135: checking for unistd.h
configure:1145: gcc -E  conftest.c >/dev/null 2>conftest.out
configure:1135: checking for ctype.h
configure:1145: gcc -E  conftest.c >/dev/null 2>conftest.out
configure:1175: checking for strings.h
configure:1185: gcc -E  conftest.c >/dev/null 2>conftest.out
configure:1216: checking for sys/stat.h
configure:1226: gcc -E  conftest.c >/dev/null 2>conftest.out
configure:1216: checking for sys/param.h
configure:1226: gcc -E  conftest.c >/dev/null 2>conftest.out
configure:1216: checking for sys/file.h
configure:1226: gcc -E  conftest.c >/dev/null 2>conftest.out
configure:1216: checking for stdlib.h
configure:1226: gcc -E  conftest.c >/dev/null 2>conftest.out
configure:1253: checking for working const
configure:1307: gcc -c -g -O2 -Wall  conftest.c 1>&5
configure: In function 'main':
configure:1281: warning: unused variable 's'
configure:1301: warning: unused variable 'foo'
configure:1269: warning: unused variable 'zero'
configure:1263: warning: unused variable 'x'
configure:1283: warning: 't' is used uninitialized in this function
configure:1298: warning: 'b' is used uninitialized in this function
configure:1328: checking whether struct tm is in sys/time.h or time.h
configure:1341: gcc -c -g -O2 -Wall  conftest.c 1>&5
configure: In function 'main':
configure:1337: warning: statement with no effect
configure:1364: checking for flock
configure:1392: gcc -o conftest -g -O2 -Wall   conftest.c  1>&5
configure:1364: checking for strcasecmp
configure:1392: gcc -o conftest -g -O2 -Wall   conftest.c  1>&5
configure:1376: warning: conflicting types for built-in function 'strcasecmp'
configure:1364: checking for mktime
configure:1392: gcc -o conftest -g -O2 -Wall   conftest.c  1>&5
configure:1364: checking for strftime
configure:1392: gcc -o conftest -g -O2 -Wall   conftest.c  1>&5
configure:1376: warning: conflicting types for built-in function 'strftime'
configure:1364: checking for gmtime
configure:1392: gcc -o conftest -g -O2 -Wall   conftest.c  1>&5
configure:1418: checking for system type
